2025-05-27 05:29:12,012 - INFO - 日志文件已创建: policy_scoring/logs/need_score_preparation_20250527_052912.log
2025-05-27 05:29:12,012 - INFO - 初始化文本编码器...
2025-05-27 05:29:13,776 - INFO - 加载参考数据: policy_scoring/policy_score.xlsx
2025-05-27 05:29:13,895 - INFO - 加载目标数据: policy_scoring/need_score.xlsx
2025-05-27 05:29:13,924 - INFO - 
参考数据: 30 条
2025-05-27 05:29:13,925 - INFO - 参考数据评分分布:
2025-05-27 05:29:13,925 - INFO - Score 1: 6 条 (20.0%)
2025-05-27 05:29:13,925 - INFO - Score 2: 11 条 (36.7%)
2025-05-27 05:29:13,925 - INFO - Score 3: 13 条 (43.3%)
2025-05-27 05:29:13,925 - INFO - 
目标数据: 846 条
2025-05-27 05:29:13,925 - INFO - 创建文本嵌入...
2025-05-27 05:29:13,925 - INFO - 文本数量: 30
2025-05-27 05:29:13,926 - INFO - 开始生成嵌入...
2025-05-27 05:29:13,926 - INFO - 处理第 1 批，包含 30 条文本
2025-05-27 05:29:14,990 - INFO - 嵌入生成完成，类型: <class 'numpy.ndarray'>
2025-05-27 05:29:14,990 - INFO - 转换向量为float32类型...
2025-05-27 05:29:14,990 - INFO - 成功创建 30 个嵌入向量，形状: (30, 768)
2025-05-27 05:29:14,990 - INFO - 创建文本嵌入...
2025-05-27 05:29:14,990 - INFO - 文本数量: 846
2025-05-27 05:29:14,991 - INFO - 开始生成嵌入...
2025-05-27 05:29:14,991 - INFO - 处理第 1 批，包含 100 条文本
2025-05-27 05:29:16,657 - INFO - 处理第 2 批，包含 100 条文本
2025-05-27 05:29:18,620 - INFO - 处理第 3 批，包含 100 条文本
2025-05-27 05:29:20,033 - INFO - 处理第 4 批，包含 100 条文本
2025-05-27 05:29:21,699 - INFO - 处理第 5 批，包含 100 条文本
2025-05-27 05:29:22,935 - INFO - 处理第 6 批，包含 100 条文本
2025-05-27 05:29:24,435 - INFO - 处理第 7 批，包含 100 条文本
2025-05-27 05:29:25,863 - INFO - 处理第 8 批，包含 100 条文本
2025-05-27 05:29:27,468 - INFO - 处理第 9 批，包含 46 条文本
2025-05-27 05:29:28,325 - INFO - 嵌入生成完成，类型: <class 'numpy.ndarray'>
2025-05-27 05:29:28,325 - INFO - 转换向量为float32类型...
2025-05-27 05:29:28,325 - INFO - 成功创建 846 个嵌入向量，形状: (846, 768)
2025-05-27 05:29:28,747 - INFO - 创建FAISS索引...
2025-05-27 05:29:28,747 - INFO - embeddings类型: <class 'numpy.ndarray'>
2025-05-27 05:29:28,747 - INFO - embeddings形状: (30, 768)
2025-05-27 05:29:28,747 - INFO - 向量已转换为float32类型
2025-05-27 05:29:28,749 - INFO - 向量已完成L2归一化
2025-05-27 05:29:28,749 - INFO - 向量维度: 768
2025-05-27 05:29:28,749 - INFO - FAISS索引已创建
2025-05-27 05:29:28,750 - INFO - 向量已添加到索引
2025-05-27 05:29:28,752 - INFO - FAISS索引已保存到: policy_scoring/need_score_processed/faiss_index.index
2025-05-27 05:29:28,752 - INFO - 
数据处理完成
